<?xml version="1.0" encoding="UTF-8"?>
<testsuite name="PermissionManagerTest" tests="2" skipped="0" failures="0" errors="0" timestamp="2021-10-12T21:11:08" hostname="DESKTOP-101HF4J" time="0.026">
  <properties/>
  <testcase name="testMain()" classname="PermissionManagerTest" time="0.024"/>
  <testcase name="testGetPermissionLevel()" classname="PermissionManagerTest" time="0.001"/>
  <system-out><![CDATA[]]></system-out>
  <system-err><![CDATA[]]></system-err>
</testsuite>
